{"name":"hexo","hostname":"PC-201702271837","pid":3660,"level":20,"msg":"Hexo version: \u001b[35m3.3.7\u001b[39m","time":"2017-07-19T07:38:58.785Z","v":0}
{"name":"hexo","hostname":"PC-201702271837","pid":3660,"level":20,"msg":"Working directory: \u001b[35mF:\\blog\\\u001b[39m","time":"2017-07-19T07:38:58.786Z","v":0}
{"name":"hexo","hostname":"PC-201702271837","pid":3660,"level":20,"msg":"Config loaded: \u001b[35mF:\\blog\\_config.yml\u001b[39m","time":"2017-07-19T07:38:58.914Z","v":0}
{"name":"hexo","hostname":"PC-201702271837","pid":3660,"level":20,"msg":"Script loaded: \u001b[35mthemes\\next\\scripts\\tags\\button.js\u001b[39m","time":"2017-07-19T07:38:58.932Z","v":0}
{"name":"hexo","hostname":"PC-201702271837","pid":3660,"level":20,"msg":"Script loaded: \u001b[35mthemes\\next\\scripts\\merge-configs.js\u001b[39m","time":"2017-07-19T07:38:58.936Z","v":0}
{"name":"hexo","hostname":"PC-201702271837","pid":3660,"level":20,"msg":"Script loaded: \u001b[35mthemes\\next\\scripts\\merge.js\u001b[39m","time":"2017-07-19T07:38:58.939Z","v":0}
{"name":"hexo","hostname":"PC-201702271837","pid":3660,"level":20,"msg":"Script loaded: \u001b[35mthemes\\next\\scripts\\tags\\center-quote.js\u001b[39m","time":"2017-07-19T07:38:58.940Z","v":0}
{"name":"hexo","hostname":"PC-201702271837","pid":3660,"level":20,"msg":"Script loaded: \u001b[35mthemes\\next\\scripts\\tags\\exturl.js\u001b[39m","time":"2017-07-19T07:38:58.942Z","v":0}
{"name":"hexo","hostname":"PC-201702271837","pid":3660,"level":20,"msg":"Script loaded: \u001b[35mthemes\\next\\scripts\\tags\\full-image.js\u001b[39m","time":"2017-07-19T07:38:58.944Z","v":0}
{"name":"hexo","hostname":"PC-201702271837","pid":3660,"level":20,"msg":"Script loaded: \u001b[35mthemes\\next\\scripts\\tags\\group-pictures.js\u001b[39m","time":"2017-07-19T07:38:58.946Z","v":0}
{"name":"hexo","hostname":"PC-201702271837","pid":3660,"level":20,"msg":"Script loaded: \u001b[35mthemes\\next\\scripts\\tags\\lazy-image.js\u001b[39m","time":"2017-07-19T07:38:58.948Z","v":0}
{"name":"hexo","hostname":"PC-201702271837","pid":3660,"level":20,"msg":"Plugin loaded: \u001b[35mhexo-deployer-git\u001b[39m","time":"2017-07-19T07:38:58.962Z","v":0}
{"name":"hexo","hostname":"PC-201702271837","pid":3660,"level":20,"msg":"Script loaded: \u001b[35mthemes\\next\\scripts\\tags\\note.js\u001b[39m","time":"2017-07-19T07:38:58.964Z","v":0}
{"name":"hexo","hostname":"PC-201702271837","pid":3660,"level":20,"msg":"Plugin loaded: \u001b[35mhexo-generator-archive\u001b[39m","time":"2017-07-19T07:38:58.970Z","v":0}
{"name":"hexo","hostname":"PC-201702271837","pid":3660,"level":20,"msg":"Plugin loaded: \u001b[35mhexo-generator-category\u001b[39m","time":"2017-07-19T07:38:58.975Z","v":0}
{"name":"hexo","hostname":"PC-201702271837","pid":3660,"level":20,"msg":"Plugin loaded: \u001b[35mhexo-generator-index\u001b[39m","time":"2017-07-19T07:38:58.979Z","v":0}
{"name":"hexo","hostname":"PC-201702271837","pid":3660,"level":20,"msg":"Plugin loaded: \u001b[35mhexo-generator-tag\u001b[39m","time":"2017-07-19T07:38:58.982Z","v":0}
{"name":"hexo","hostname":"PC-201702271837","pid":3660,"level":20,"msg":"Plugin loaded: \u001b[35mhexo-generator-search\u001b[39m","time":"2017-07-19T07:38:58.989Z","v":0}
{"name":"hexo","hostname":"PC-201702271837","pid":3660,"level":20,"msg":"Plugin loaded: \u001b[35mhexo-renderer-ejs\u001b[39m","time":"2017-07-19T07:38:58.992Z","v":0}
{"name":"hexo","hostname":"PC-201702271837","pid":3660,"level":20,"msg":"Plugin loaded: \u001b[35mhexo-renderer-marked\u001b[39m","time":"2017-07-19T07:38:59.001Z","v":0}
{"name":"hexo","hostname":"PC-201702271837","pid":3660,"level":20,"msg":"Plugin loaded: \u001b[35mhexo-server\u001b[39m","time":"2017-07-19T07:38:59.093Z","v":0}
{"name":"hexo","hostname":"PC-201702271837","pid":3660,"level":20,"msg":"Plugin loaded: \u001b[35mhexo-renderer-stylus\u001b[39m","time":"2017-07-19T07:38:59.096Z","v":0}
{"name":"hexo","hostname":"PC-201702271837","pid":3660,"level":20,"msg":"Loading database.","time":"2017-07-19T07:38:59.108Z","v":0}
{"name":"hexo","hostname":"PC-201702271837","pid":3660,"level":30,"msg":"Start processing","time":"2017-07-19T07:38:59.201Z","v":0}
{"name":"hexo","hostname":"PC-201702271837","pid":3660,"level":20,"msg":"Processed: \u001b[35mdebug.log\u001b[39m","time":"2017-07-19T07:38:59.269Z","v":0}
{"name":"hexo","hostname":"PC-201702271837","pid":3660,"level":20,"msg":"Processed: \u001b[35m_posts/vue.md\u001b[39m","time":"2017-07-19T07:38:59.328Z","v":0}
{"name":"hexo","hostname":"PC-201702271837","pid":3660,"level":20,"msg":"Processed: \u001b[35m_posts/hello-world.md\u001b[39m","time":"2017-07-19T07:38:59.330Z","v":0}
{"name":"hexo","hostname":"PC-201702271837","pid":3660,"level":20,"msg":"Processed: \u001b[35mtags/index.md\u001b[39m","time":"2017-07-19T07:38:59.332Z","v":0}
{"name":"hexo","hostname":"PC-201702271837","pid":3660,"level":20,"msg":"Theme config loaded.","time":"2017-07-19T07:38:59.419Z","v":0}
{"name":"hexo","hostname":"PC-201702271837","pid":3660,"level":20,"msg":"Processed: \u001b[35m_config.yml\u001b[39m","time":"2017-07-19T07:38:59.424Z","v":0}
{"name":"hexo","hostname":"PC-201702271837","pid":3660,"level":20,"msg":"Processed: \u001b[35msource/css/main.styl\u001b[39m","time":"2017-07-19T07:38:59.453Z","v":0}
{"name":"hexo","hostname":"PC-201702271837","pid":3660,"level":20,"msg":"Processed: \u001b[35msource/images/algolia_logo.svg\u001b[39m","time":"2017-07-19T07:38:59.455Z","v":0}
{"name":"hexo","hostname":"PC-201702271837","pid":3660,"level":20,"msg":"Processed: \u001b[35msource/images/avatar.gif\u001b[39m","time":"2017-07-19T07:38:59.458Z","v":0}
{"name":"hexo","hostname":"PC-201702271837","pid":3660,"level":20,"msg":"Processed: \u001b[35msource/images/cc-by-nc-nd.svg\u001b[39m","time":"2017-07-19T07:38:59.459Z","v":0}
{"name":"hexo","hostname":"PC-201702271837","pid":3660,"level":20,"msg":"Processed: \u001b[35msource/images/cc-by-nc-sa.svg\u001b[39m","time":"2017-07-19T07:38:59.460Z","v":0}
{"name":"hexo","hostname":"PC-201702271837","pid":3660,"level":20,"msg":"Processed: \u001b[35msource/images/cc-by-nc.svg\u001b[39m","time":"2017-07-19T07:38:59.461Z","v":0}
{"name":"hexo","hostname":"PC-201702271837","pid":3660,"level":20,"msg":"Processed: \u001b[35msource/images/cc-by-nd.svg\u001b[39m","time":"2017-07-19T07:38:59.463Z","v":0}
{"name":"hexo","hostname":"PC-201702271837","pid":3660,"level":20,"msg":"Processed: \u001b[35msource/images/cc-by-sa.svg\u001b[39m","time":"2017-07-19T07:38:59.465Z","v":0}
{"name":"hexo","hostname":"PC-201702271837","pid":3660,"level":20,"msg":"Processed: \u001b[35msource/images/cc-by.svg\u001b[39m","time":"2017-07-19T07:38:59.468Z","v":0}
{"name":"hexo","hostname":"PC-201702271837","pid":3660,"level":20,"msg":"Processed: \u001b[35msource/images/cc-zero.svg\u001b[39m","time":"2017-07-19T07:38:59.470Z","v":0}
{"name":"hexo","hostname":"PC-201702271837","pid":3660,"level":20,"msg":"Processed: \u001b[35msource/images/loading.gif\u001b[39m","time":"2017-07-19T07:38:59.472Z","v":0}
{"name":"hexo","hostname":"PC-201702271837","pid":3660,"level":20,"msg":"Processed: \u001b[35msource/images/placeholder.gif\u001b[39m","time":"2017-07-19T07:38:59.474Z","v":0}
{"name":"hexo","hostname":"PC-201702271837","pid":3660,"level":20,"msg":"Processed: \u001b[35msource/images/quote-l.svg\u001b[39m","time":"2017-07-19T07:38:59.475Z","v":0}
{"name":"hexo","hostname":"PC-201702271837","pid":3660,"level":20,"msg":"Processed: \u001b[35msource/images/quote-r.svg\u001b[39m","time":"2017-07-19T07:38:59.479Z","v":0}
{"name":"hexo","hostname":"PC-201702271837","pid":3660,"level":20,"msg":"Processed: \u001b[35msource/images/searchicon.png\u001b[39m","time":"2017-07-19T07:38:59.479Z","v":0}
{"name":"hexo","hostname":"PC-201702271837","pid":3660,"level":20,"msg":"Processed: \u001b[35mlayout/_layout.swig\u001b[39m","time":"2017-07-19T07:38:59.660Z","v":0}
{"name":"hexo","hostname":"PC-201702271837","pid":3660,"level":20,"msg":"Processed: \u001b[35mlayout/archive.swig\u001b[39m","time":"2017-07-19T07:38:59.663Z","v":0}
{"name":"hexo","hostname":"PC-201702271837","pid":3660,"level":20,"msg":"Processed: \u001b[35mlayout/category.swig\u001b[39m","time":"2017-07-19T07:38:59.664Z","v":0}
{"name":"hexo","hostname":"PC-201702271837","pid":3660,"level":20,"msg":"Processed: \u001b[35mlayout/index.swig\u001b[39m","time":"2017-07-19T07:38:59.666Z","v":0}
{"name":"hexo","hostname":"PC-201702271837","pid":3660,"level":20,"msg":"Processed: \u001b[35mlayout/page.swig\u001b[39m","time":"2017-07-19T07:38:59.667Z","v":0}
{"name":"hexo","hostname":"PC-201702271837","pid":3660,"level":20,"msg":"Processed: \u001b[35mlayout/post.swig\u001b[39m","time":"2017-07-19T07:38:59.669Z","v":0}
{"name":"hexo","hostname":"PC-201702271837","pid":3660,"level":20,"msg":"Processed: \u001b[35mlayout/tag.swig\u001b[39m","time":"2017-07-19T07:38:59.669Z","v":0}
{"name":"hexo","hostname":"PC-201702271837","pid":3660,"level":20,"msg":"Processed: \u001b[35mlayout/schedule.swig\u001b[39m","time":"2017-07-19T07:38:59.670Z","v":0}
{"name":"hexo","hostname":"PC-201702271837","pid":3660,"level":20,"msg":"Processed: \u001b[35mlanguages/default.yml\u001b[39m","time":"2017-07-19T07:38:59.682Z","v":0}
{"name":"hexo","hostname":"PC-201702271837","pid":3660,"level":20,"msg":"Processed: \u001b[35mlanguages/de.yml\u001b[39m","time":"2017-07-19T07:38:59.684Z","v":0}
{"name":"hexo","hostname":"PC-201702271837","pid":3660,"level":20,"msg":"Processed: \u001b[35mlanguages/en.yml\u001b[39m","time":"2017-07-19T07:38:59.686Z","v":0}
{"name":"hexo","hostname":"PC-201702271837","pid":3660,"level":20,"msg":"Processed: \u001b[35mlanguages/fr-FR.yml\u001b[39m","time":"2017-07-19T07:38:59.688Z","v":0}
{"name":"hexo","hostname":"PC-201702271837","pid":3660,"level":20,"msg":"Processed: \u001b[35mlanguages/id.yml\u001b[39m","time":"2017-07-19T07:38:59.690Z","v":0}
{"name":"hexo","hostname":"PC-201702271837","pid":3660,"level":20,"msg":"Processed: \u001b[35mlanguages/ja.yml\u001b[39m","time":"2017-07-19T07:38:59.691Z","v":0}
{"name":"hexo","hostname":"PC-201702271837","pid":3660,"level":20,"msg":"Processed: \u001b[35mlanguages/ko.yml\u001b[39m","time":"2017-07-19T07:38:59.692Z","v":0}
{"name":"hexo","hostname":"PC-201702271837","pid":3660,"level":20,"msg":"Processed: \u001b[35mlanguages/pt-BR.yml\u001b[39m","time":"2017-07-19T07:38:59.697Z","v":0}
{"name":"hexo","hostname":"PC-201702271837","pid":3660,"level":20,"msg":"Processed: \u001b[35mlanguages/pt.yml\u001b[39m","time":"2017-07-19T07:38:59.698Z","v":0}
{"name":"hexo","hostname":"PC-201702271837","pid":3660,"level":20,"msg":"Processed: \u001b[35mlanguages/ru.yml\u001b[39m","time":"2017-07-19T07:38:59.701Z","v":0}
{"name":"hexo","hostname":"PC-201702271837","pid":3660,"level":20,"msg":"Processed: \u001b[35mlanguages/zh-Hans.yml\u001b[39m","time":"2017-07-19T07:38:59.702Z","v":0}
{"name":"hexo","hostname":"PC-201702271837","pid":3660,"level":20,"msg":"Processed: \u001b[35mlanguages/zh-tw.yml\u001b[39m","time":"2017-07-19T07:38:59.703Z","v":0}
{"name":"hexo","hostname":"PC-201702271837","pid":3660,"level":20,"msg":"Processed: \u001b[35mlanguages/zh-hk.yml\u001b[39m","time":"2017-07-19T07:38:59.706Z","v":0}
{"name":"hexo","hostname":"PC-201702271837","pid":3660,"level":20,"msg":"Processed: \u001b[35msource/js/src/affix.js\u001b[39m","time":"2017-07-19T07:38:59.732Z","v":0}
{"name":"hexo","hostname":"PC-201702271837","pid":3660,"level":20,"msg":"Processed: \u001b[35msource/js/src/algolia-search.js\u001b[39m","time":"2017-07-19T07:38:59.734Z","v":0}
{"name":"hexo","hostname":"PC-201702271837","pid":3660,"level":20,"msg":"Processed: \u001b[35msource/js/src/bootstrap.js\u001b[39m","time":"2017-07-19T07:38:59.737Z","v":0}
{"name":"hexo","hostname":"PC-201702271837","pid":3660,"level":20,"msg":"Processed: \u001b[35msource/js/src/exturl.js\u001b[39m","time":"2017-07-19T07:38:59.738Z","v":0}
{"name":"hexo","hostname":"PC-201702271837","pid":3660,"level":20,"msg":"Processed: \u001b[35msource/js/src/hook-duoshuo.js\u001b[39m","time":"2017-07-19T07:38:59.740Z","v":0}
{"name":"hexo","hostname":"PC-201702271837","pid":3660,"level":20,"msg":"Processed: \u001b[35msource/js/src/js.cookie.js\u001b[39m","time":"2017-07-19T07:38:59.741Z","v":0}
{"name":"hexo","hostname":"PC-201702271837","pid":3660,"level":20,"msg":"Processed: \u001b[35msource/js/src/motion.js\u001b[39m","time":"2017-07-19T07:38:59.742Z","v":0}
{"name":"hexo","hostname":"PC-201702271837","pid":3660,"level":20,"msg":"Processed: \u001b[35msource/js/src/post-details.js\u001b[39m","time":"2017-07-19T07:38:59.743Z","v":0}
{"name":"hexo","hostname":"PC-201702271837","pid":3660,"level":20,"msg":"Processed: \u001b[35msource/js/src/scroll-cookie.js\u001b[39m","time":"2017-07-19T07:38:59.748Z","v":0}
{"name":"hexo","hostname":"PC-201702271837","pid":3660,"level":20,"msg":"Processed: \u001b[35msource/js/src/scrollspy.js\u001b[39m","time":"2017-07-19T07:38:59.749Z","v":0}
{"name":"hexo","hostname":"PC-201702271837","pid":3660,"level":20,"msg":"Processed: \u001b[35msource/js/src/utils.js\u001b[39m","time":"2017-07-19T07:38:59.751Z","v":0}
{"name":"hexo","hostname":"PC-201702271837","pid":3660,"level":20,"msg":"Processed: \u001b[35msource/lib/algolia-instant-search/instantsearch.min.css\u001b[39m","time":"2017-07-19T07:38:59.751Z","v":0}
{"name":"hexo","hostname":"PC-201702271837","pid":3660,"level":20,"msg":"Processed: \u001b[35msource/lib/canvas-nest/canvas-nest.min.js\u001b[39m","time":"2017-07-19T07:38:59.753Z","v":0}
{"name":"hexo","hostname":"PC-201702271837","pid":3660,"level":20,"msg":"Processed: \u001b[35msource/lib/canvas-ribbon/canvas-ribbon.js\u001b[39m","time":"2017-07-19T07:38:59.755Z","v":0}
{"name":"hexo","hostname":"PC-201702271837","pid":3660,"level":20,"msg":"Processed: \u001b[35msource/lib/fastclick/LICENSE\u001b[39m","time":"2017-07-19T07:38:59.759Z","v":0}
{"name":"hexo","hostname":"PC-201702271837","pid":3660,"level":20,"msg":"Processed: \u001b[35msource/lib/fastclick/README.md\u001b[39m","time":"2017-07-19T07:38:59.761Z","v":0}
{"name":"hexo","hostname":"PC-201702271837","pid":3660,"level":20,"msg":"Processed: \u001b[35msource/lib/fastclick/bower.json\u001b[39m","time":"2017-07-19T07:38:59.762Z","v":0}
{"name":"hexo","hostname":"PC-201702271837","pid":3660,"level":20,"msg":"Processed: \u001b[35msource/lib/font-awesome/HELP-US-OUT.txt\u001b[39m","time":"2017-07-19T07:38:59.763Z","v":0}
{"name":"hexo","hostname":"PC-201702271837","pid":3660,"level":20,"msg":"Processed: \u001b[35msource/lib/font-awesome/bower.json\u001b[39m","time":"2017-07-19T07:38:59.764Z","v":0}
{"name":"hexo","hostname":"PC-201702271837","pid":3660,"level":20,"msg":"Processed: \u001b[35msource/lib/jquery_lazyload/CONTRIBUTING.md\u001b[39m","time":"2017-07-19T07:38:59.765Z","v":0}
{"name":"hexo","hostname":"PC-201702271837","pid":3660,"level":20,"msg":"Processed: \u001b[35msource/lib/jquery_lazyload/README.md\u001b[39m","time":"2017-07-19T07:38:59.766Z","v":0}
{"name":"hexo","hostname":"PC-201702271837","pid":3660,"level":20,"msg":"Processed: \u001b[35msource/lib/jquery_lazyload/jquery.lazyload.js\u001b[39m","time":"2017-07-19T07:38:59.769Z","v":0}
{"name":"hexo","hostname":"PC-201702271837","pid":3660,"level":20,"msg":"Processed: \u001b[35msource/lib/jquery_lazyload/bower.json\u001b[39m","time":"2017-07-19T07:38:59.772Z","v":0}
{"name":"hexo","hostname":"PC-201702271837","pid":3660,"level":20,"msg":"Processed: \u001b[35msource/lib/jquery_lazyload/jquery.scrollstop.js\u001b[39m","time":"2017-07-19T07:38:59.773Z","v":0}
{"name":"hexo","hostname":"PC-201702271837","pid":3660,"level":20,"msg":"Processed: \u001b[35msource/lib/pace/pace-theme-barber-shop.min.css\u001b[39m","time":"2017-07-19T07:38:59.774Z","v":0}
{"name":"hexo","hostname":"PC-201702271837","pid":3660,"level":20,"msg":"Processed: \u001b[35msource/lib/pace/pace-theme-big-counter.min.css\u001b[39m","time":"2017-07-19T07:38:59.776Z","v":0}
{"name":"hexo","hostname":"PC-201702271837","pid":3660,"level":20,"msg":"Processed: \u001b[35msource/lib/pace/pace-theme-bounce.min.css\u001b[39m","time":"2017-07-19T07:38:59.777Z","v":0}
{"name":"hexo","hostname":"PC-201702271837","pid":3660,"level":20,"msg":"Processed: \u001b[35msource/lib/pace/pace-theme-center-atom.min.css\u001b[39m","time":"2017-07-19T07:38:59.781Z","v":0}
{"name":"hexo","hostname":"PC-201702271837","pid":3660,"level":20,"msg":"Processed: \u001b[35msource/lib/pace/pace-theme-center-circle.min.css\u001b[39m","time":"2017-07-19T07:38:59.782Z","v":0}
{"name":"hexo","hostname":"PC-201702271837","pid":3660,"level":20,"msg":"Processed: \u001b[35msource/lib/pace/pace-theme-center-radar.min.css\u001b[39m","time":"2017-07-19T07:38:59.783Z","v":0}
{"name":"hexo","hostname":"PC-201702271837","pid":3660,"level":20,"msg":"Processed: \u001b[35msource/lib/pace/pace-theme-center-simple.min.css\u001b[39m","time":"2017-07-19T07:38:59.784Z","v":0}
{"name":"hexo","hostname":"PC-201702271837","pid":3660,"level":20,"msg":"Processed: \u001b[35msource/lib/pace/pace-theme-corner-indicator.min.css\u001b[39m","time":"2017-07-19T07:38:59.785Z","v":0}
{"name":"hexo","hostname":"PC-201702271837","pid":3660,"level":20,"msg":"Processed: \u001b[35msource/lib/pace/pace-theme-fill-left.min.css\u001b[39m","time":"2017-07-19T07:38:59.786Z","v":0}
{"name":"hexo","hostname":"PC-201702271837","pid":3660,"level":20,"msg":"Processed: \u001b[35msource/lib/pace/pace-theme-flash.min.css\u001b[39m","time":"2017-07-19T07:38:59.787Z","v":0}
{"name":"hexo","hostname":"PC-201702271837","pid":3660,"level":20,"msg":"Processed: \u001b[35msource/lib/pace/pace-theme-loading-bar.min.css\u001b[39m","time":"2017-07-19T07:38:59.789Z","v":0}
{"name":"hexo","hostname":"PC-201702271837","pid":3660,"level":20,"msg":"Processed: \u001b[35msource/lib/pace/pace-theme-mac-osx.min.css\u001b[39m","time":"2017-07-19T07:38:59.793Z","v":0}
{"name":"hexo","hostname":"PC-201702271837","pid":3660,"level":20,"msg":"Processed: \u001b[35msource/lib/pace/pace-theme-minimal.min.css\u001b[39m","time":"2017-07-19T07:38:59.794Z","v":0}
{"name":"hexo","hostname":"PC-201702271837","pid":3660,"level":20,"msg":"Processed: \u001b[35msource/lib/pace/pace.min.js\u001b[39m","time":"2017-07-19T07:38:59.795Z","v":0}
{"name":"hexo","hostname":"PC-201702271837","pid":3660,"level":20,"msg":"Processed: \u001b[35msource/lib/three/canvas_lines.min.js\u001b[39m","time":"2017-07-19T07:38:59.796Z","v":0}
{"name":"hexo","hostname":"PC-201702271837","pid":3660,"level":20,"msg":"Processed: \u001b[35msource/lib/three/canvas_sphere.min.js\u001b[39m","time":"2017-07-19T07:38:59.797Z","v":0}
{"name":"hexo","hostname":"PC-201702271837","pid":3660,"level":20,"msg":"Processed: \u001b[35msource/lib/three/three-waves.min.js\u001b[39m","time":"2017-07-19T07:38:59.798Z","v":0}
{"name":"hexo","hostname":"PC-201702271837","pid":3660,"level":20,"msg":"Processed: \u001b[35msource/lib/velocity/bower.json\u001b[39m","time":"2017-07-19T07:38:59.799Z","v":0}
{"name":"hexo","hostname":"PC-201702271837","pid":3660,"level":20,"msg":"Processed: \u001b[35msource/lib/velocity/velocity.min.js\u001b[39m","time":"2017-07-19T07:38:59.800Z","v":0}
{"name":"hexo","hostname":"PC-201702271837","pid":3660,"level":20,"msg":"Processed: \u001b[35msource/lib/velocity/velocity.ui.js\u001b[39m","time":"2017-07-19T07:38:59.803Z","v":0}
{"name":"hexo","hostname":"PC-201702271837","pid":3660,"level":20,"msg":"Processed: \u001b[35msource/lib/velocity/velocity.ui.min.js\u001b[39m","time":"2017-07-19T07:38:59.804Z","v":0}
{"name":"hexo","hostname":"PC-201702271837","pid":3660,"level":20,"msg":"Processed: \u001b[35mlayout/_custom/header.swig\u001b[39m","time":"2017-07-19T07:38:59.866Z","v":0}
{"name":"hexo","hostname":"PC-201702271837","pid":3660,"level":20,"msg":"Processed: \u001b[35mlayout/_macro/post-collapse.swig\u001b[39m","time":"2017-07-19T07:38:59.868Z","v":0}
{"name":"hexo","hostname":"PC-201702271837","pid":3660,"level":20,"msg":"Processed: \u001b[35mlayout/_custom/sidebar.swig\u001b[39m","time":"2017-07-19T07:38:59.872Z","v":0}
{"name":"hexo","hostname":"PC-201702271837","pid":3660,"level":20,"msg":"Processed: \u001b[35mlayout/_macro/post.swig\u001b[39m","time":"2017-07-19T07:38:59.874Z","v":0}
{"name":"hexo","hostname":"PC-201702271837","pid":3660,"level":20,"msg":"Processed: \u001b[35mlayout/_macro/post-copyright.swig\u001b[39m","time":"2017-07-19T07:38:59.875Z","v":0}
{"name":"hexo","hostname":"PC-201702271837","pid":3660,"level":20,"msg":"Processed: \u001b[35mlayout/_macro/reward.swig\u001b[39m","time":"2017-07-19T07:38:59.875Z","v":0}
{"name":"hexo","hostname":"PC-201702271837","pid":3660,"level":20,"msg":"Processed: \u001b[35mlayout/_macro/sidebar.swig\u001b[39m","time":"2017-07-19T07:38:59.876Z","v":0}
{"name":"hexo","hostname":"PC-201702271837","pid":3660,"level":20,"msg":"Processed: \u001b[35mlayout/_macro/wechat-subscriber.swig\u001b[39m","time":"2017-07-19T07:38:59.877Z","v":0}
{"name":"hexo","hostname":"PC-201702271837","pid":3660,"level":20,"msg":"Processed: \u001b[35mlayout/_partials/comments.swig\u001b[39m","time":"2017-07-19T07:38:59.880Z","v":0}
{"name":"hexo","hostname":"PC-201702271837","pid":3660,"level":20,"msg":"Processed: \u001b[35mlayout/_partials/footer.swig\u001b[39m","time":"2017-07-19T07:38:59.881Z","v":0}
{"name":"hexo","hostname":"PC-201702271837","pid":3660,"level":20,"msg":"Processed: \u001b[35mlayout/_partials/header.swig\u001b[39m","time":"2017-07-19T07:38:59.882Z","v":0}
{"name":"hexo","hostname":"PC-201702271837","pid":3660,"level":20,"msg":"Processed: \u001b[35mlayout/_partials/head.swig\u001b[39m","time":"2017-07-19T07:38:59.883Z","v":0}
{"name":"hexo","hostname":"PC-201702271837","pid":3660,"level":20,"msg":"Processed: \u001b[35mlayout/_partials/page-header.swig\u001b[39m","time":"2017-07-19T07:38:59.884Z","v":0}
{"name":"hexo","hostname":"PC-201702271837","pid":3660,"level":20,"msg":"Processed: \u001b[35mlayout/_partials/pagination.swig\u001b[39m","time":"2017-07-19T07:38:59.885Z","v":0}
{"name":"hexo","hostname":"PC-201702271837","pid":3660,"level":20,"msg":"Processed: \u001b[35mlayout/_partials/search.swig\u001b[39m","time":"2017-07-19T07:38:59.886Z","v":0}
{"name":"hexo","hostname":"PC-201702271837","pid":3660,"level":20,"msg":"Processed: \u001b[35mlayout/_scripts/commons.swig\u001b[39m","time":"2017-07-19T07:38:59.887Z","v":0}
{"name":"hexo","hostname":"PC-201702271837","pid":3660,"level":20,"msg":"Processed: \u001b[35mlayout/_scripts/boostrap.swig\u001b[39m","time":"2017-07-19T07:38:59.888Z","v":0}
{"name":"hexo","hostname":"PC-201702271837","pid":3660,"level":20,"msg":"Processed: \u001b[35mlayout/_scripts/vendors.swig\u001b[39m","time":"2017-07-19T07:38:59.893Z","v":0}
{"name":"hexo","hostname":"PC-201702271837","pid":3660,"level":20,"msg":"Processed: \u001b[35mlayout/_third-party/duoshuo-hot-articles.swig\u001b[39m","time":"2017-07-19T07:38:59.894Z","v":0}
{"name":"hexo","hostname":"PC-201702271837","pid":3660,"level":20,"msg":"Processed: \u001b[35mlayout/_third-party/exturl.swig\u001b[39m","time":"2017-07-19T07:38:59.895Z","v":0}
{"name":"hexo","hostname":"PC-201702271837","pid":3660,"level":20,"msg":"Processed: \u001b[35mlayout/_third-party/mathjax.swig\u001b[39m","time":"2017-07-19T07:38:59.896Z","v":0}
{"name":"hexo","hostname":"PC-201702271837","pid":3660,"level":20,"msg":"Processed: \u001b[35mlayout/_third-party/schedule.swig\u001b[39m","time":"2017-07-19T07:38:59.897Z","v":0}
{"name":"hexo","hostname":"PC-201702271837","pid":3660,"level":20,"msg":"Processed: \u001b[35mlayout/_third-party/scroll-cookie.swig\u001b[39m","time":"2017-07-19T07:38:59.898Z","v":0}
{"name":"hexo","hostname":"PC-201702271837","pid":3660,"level":20,"msg":"Processed: \u001b[35mlayout/_third-party/rating.swig\u001b[39m","time":"2017-07-19T07:38:59.900Z","v":0}
{"name":"hexo","hostname":"PC-201702271837","pid":3660,"level":20,"msg":"Processed: \u001b[35msource/lib/jquery/index.js\u001b[39m","time":"2017-07-19T07:38:59.903Z","v":0}
{"name":"hexo","hostname":"PC-201702271837","pid":3660,"level":20,"msg":"Processed: \u001b[35mlayout/_scripts/schemes/mist.swig\u001b[39m","time":"2017-07-19T07:38:59.910Z","v":0}
{"name":"hexo","hostname":"PC-201702271837","pid":3660,"level":20,"msg":"Processed: \u001b[35mlayout/_scripts/schemes/muse.swig\u001b[39m","time":"2017-07-19T07:38:59.912Z","v":0}
{"name":"hexo","hostname":"PC-201702271837","pid":3660,"level":20,"msg":"Processed: \u001b[35msource/js/src/schemes/pisces.js\u001b[39m","time":"2017-07-19T07:38:59.916Z","v":0}
{"name":"hexo","hostname":"PC-201702271837","pid":3660,"level":20,"msg":"Processed: \u001b[35msource/lib/Han/dist/han.min.css\u001b[39m","time":"2017-07-19T07:38:59.918Z","v":0}
{"name":"hexo","hostname":"PC-201702271837","pid":3660,"level":20,"msg":"Processed: \u001b[35msource/lib/Han/dist/han.min.js\u001b[39m","time":"2017-07-19T07:38:59.919Z","v":0}
{"name":"hexo","hostname":"PC-201702271837","pid":3660,"level":20,"msg":"Processed: \u001b[35msource/lib/fancybox/source/blank.gif\u001b[39m","time":"2017-07-19T07:38:59.921Z","v":0}
{"name":"hexo","hostname":"PC-201702271837","pid":3660,"level":20,"msg":"Processed: \u001b[35msource/lib/fancybox/source/fancybox_loading.gif\u001b[39m","time":"2017-07-19T07:38:59.924Z","v":0}
{"name":"hexo","hostname":"PC-201702271837","pid":3660,"level":20,"msg":"Processed: \u001b[35msource/lib/fancybox/source/fancybox_loading@2x.gif\u001b[39m","time":"2017-07-19T07:38:59.926Z","v":0}
{"name":"hexo","hostname":"PC-201702271837","pid":3660,"level":20,"msg":"Processed: \u001b[35msource/lib/fancybox/source/fancybox_overlay.png\u001b[39m","time":"2017-07-19T07:38:59.927Z","v":0}
{"name":"hexo","hostname":"PC-201702271837","pid":3660,"level":20,"msg":"Processed: \u001b[35msource/lib/fancybox/source/fancybox_sprite.png\u001b[39m","time":"2017-07-19T07:38:59.928Z","v":0}
{"name":"hexo","hostname":"PC-201702271837","pid":3660,"level":20,"msg":"Processed: \u001b[35msource/lib/fancybox/source/fancybox_sprite@2x.png\u001b[39m","time":"2017-07-19T07:38:59.929Z","v":0}
{"name":"hexo","hostname":"PC-201702271837","pid":3660,"level":20,"msg":"Processed: \u001b[35msource/lib/fancybox/source/jquery.fancybox.css\u001b[39m","time":"2017-07-19T07:38:59.930Z","v":0}
{"name":"hexo","hostname":"PC-201702271837","pid":3660,"level":20,"msg":"Processed: \u001b[35msource/lib/fancybox/source/jquery.fancybox.js\u001b[39m","time":"2017-07-19T07:38:59.932Z","v":0}
{"name":"hexo","hostname":"PC-201702271837","pid":3660,"level":20,"msg":"Processed: \u001b[35msource/lib/fancybox/source/jquery.fancybox.pack.js\u001b[39m","time":"2017-07-19T07:38:59.935Z","v":0}
{"name":"hexo","hostname":"PC-201702271837","pid":3660,"level":20,"msg":"Processed: \u001b[35msource/lib/fastclick/lib/fastclick.js\u001b[39m","time":"2017-07-19T07:38:59.936Z","v":0}
{"name":"hexo","hostname":"PC-201702271837","pid":3660,"level":20,"msg":"Processed: \u001b[35msource/lib/fastclick/lib/fastclick.min.js\u001b[39m","time":"2017-07-19T07:38:59.937Z","v":0}
{"name":"hexo","hostname":"PC-201702271837","pid":3660,"level":20,"msg":"Processed: \u001b[35msource/lib/font-awesome/css/font-awesome.css\u001b[39m","time":"2017-07-19T07:38:59.938Z","v":0}
{"name":"hexo","hostname":"PC-201702271837","pid":3660,"level":20,"msg":"Processed: \u001b[35msource/lib/font-awesome/css/font-awesome.css.map\u001b[39m","time":"2017-07-19T07:38:59.939Z","v":0}
{"name":"hexo","hostname":"PC-201702271837","pid":3660,"level":20,"msg":"Processed: \u001b[35msource/lib/font-awesome/css/font-awesome.min.css\u001b[39m","time":"2017-07-19T07:38:59.941Z","v":0}
{"name":"hexo","hostname":"PC-201702271837","pid":3660,"level":20,"msg":"Processed: \u001b[35msource/lib/ua-parser-js/dist/ua-parser.min.js\u001b[39m","time":"2017-07-19T07:38:59.943Z","v":0}
{"name":"hexo","hostname":"PC-201702271837","pid":3660,"level":20,"msg":"Processed: \u001b[35msource/lib/ua-parser-js/dist/ua-parser.pack.js\u001b[39m","time":"2017-07-19T07:38:59.946Z","v":0}
{"name":"hexo","hostname":"PC-201702271837","pid":3660,"level":20,"msg":"Processed: \u001b[35mlayout/_partials/head/custom-head.swig\u001b[39m","time":"2017-07-19T07:38:59.971Z","v":0}
{"name":"hexo","hostname":"PC-201702271837","pid":3660,"level":20,"msg":"Processed: \u001b[35mlayout/_partials/search/localsearch.swig\u001b[39m","time":"2017-07-19T07:38:59.975Z","v":0}
{"name":"hexo","hostname":"PC-201702271837","pid":3660,"level":20,"msg":"Processed: \u001b[35mlayout/_partials/head/external-fonts.swig\u001b[39m","time":"2017-07-19T07:38:59.977Z","v":0}
{"name":"hexo","hostname":"PC-201702271837","pid":3660,"level":20,"msg":"Processed: \u001b[35mlayout/_partials/search/swiftype.swig\u001b[39m","time":"2017-07-19T07:38:59.977Z","v":0}
{"name":"hexo","hostname":"PC-201702271837","pid":3660,"level":20,"msg":"Processed: \u001b[35mlayout/_partials/share/add-this.swig\u001b[39m","time":"2017-07-19T07:38:59.980Z","v":0}
{"name":"hexo","hostname":"PC-201702271837","pid":3660,"level":20,"msg":"Processed: \u001b[35mlayout/_partials/search/tinysou.swig\u001b[39m","time":"2017-07-19T07:38:59.981Z","v":0}
{"name":"hexo","hostname":"PC-201702271837","pid":3660,"level":20,"msg":"Processed: \u001b[35mlayout/_partials/share/duoshuo_share.swig\u001b[39m","time":"2017-07-19T07:38:59.982Z","v":0}
{"name":"hexo","hostname":"PC-201702271837","pid":3660,"level":20,"msg":"Processed: \u001b[35mlayout/_partials/share/baidushare.swig\u001b[39m","time":"2017-07-19T07:38:59.983Z","v":0}
{"name":"hexo","hostname":"PC-201702271837","pid":3660,"level":20,"msg":"Processed: \u001b[35mlayout/_partials/share/jiathis.swig\u001b[39m","time":"2017-07-19T07:38:59.986Z","v":0}
{"name":"hexo","hostname":"PC-201702271837","pid":3660,"level":20,"msg":"Processed: \u001b[35mlayout/_scripts/pages/post-details.swig\u001b[39m","time":"2017-07-19T07:38:59.987Z","v":0}
{"name":"hexo","hostname":"PC-201702271837","pid":3660,"level":20,"msg":"Processed: \u001b[35mlayout/_scripts/schemes/pisces.swig\u001b[39m","time":"2017-07-19T07:38:59.989Z","v":0}
{"name":"hexo","hostname":"PC-201702271837","pid":3660,"level":20,"msg":"Processed: \u001b[35mlayout/_third-party/analytics/application-insights.swig\u001b[39m","time":"2017-07-19T07:38:59.990Z","v":0}
{"name":"hexo","hostname":"PC-201702271837","pid":3660,"level":20,"msg":"Processed: \u001b[35mlayout/_third-party/analytics/baidu-analytics.swig\u001b[39m","time":"2017-07-19T07:38:59.992Z","v":0}
{"name":"hexo","hostname":"PC-201702271837","pid":3660,"level":20,"msg":"Processed: \u001b[35mlayout/_third-party/analytics/busuanzi-counter.swig\u001b[39m","time":"2017-07-19T07:38:59.993Z","v":0}
{"name":"hexo","hostname":"PC-201702271837","pid":3660,"level":20,"msg":"Processed: \u001b[35mlayout/_third-party/analytics/cnzz-analytics.swig\u001b[39m","time":"2017-07-19T07:38:59.995Z","v":0}
{"name":"hexo","hostname":"PC-201702271837","pid":3660,"level":20,"msg":"Processed: \u001b[35mlayout/_third-party/analytics/google-analytics.swig\u001b[39m","time":"2017-07-19T07:38:59.998Z","v":0}
{"name":"hexo","hostname":"PC-201702271837","pid":3660,"level":20,"msg":"Processed: \u001b[35mlayout/_third-party/analytics/facebook-sdk.swig\u001b[39m","time":"2017-07-19T07:38:59.999Z","v":0}
{"name":"hexo","hostname":"PC-201702271837","pid":3660,"level":20,"msg":"Processed: \u001b[35mlayout/_third-party/analytics/index.swig\u001b[39m","time":"2017-07-19T07:39:00.000Z","v":0}
{"name":"hexo","hostname":"PC-201702271837","pid":3660,"level":20,"msg":"Processed: \u001b[35mlayout/_third-party/analytics/lean-analytics.swig\u001b[39m","time":"2017-07-19T07:39:00.002Z","v":0}
{"name":"hexo","hostname":"PC-201702271837","pid":3660,"level":20,"msg":"Processed: \u001b[35mlayout/_third-party/analytics/tencent-analytics.swig\u001b[39m","time":"2017-07-19T07:39:00.003Z","v":0}
{"name":"hexo","hostname":"PC-201702271837","pid":3660,"level":20,"msg":"Processed: \u001b[35mlayout/_third-party/analytics/vkontakte-api.swig\u001b[39m","time":"2017-07-19T07:39:00.004Z","v":0}
{"name":"hexo","hostname":"PC-201702271837","pid":3660,"level":20,"msg":"Processed: \u001b[35mlayout/_third-party/analytics/tencent-mta.swig\u001b[39m","time":"2017-07-19T07:39:00.006Z","v":0}
{"name":"hexo","hostname":"PC-201702271837","pid":3660,"level":20,"msg":"Processed: \u001b[35mlayout/_third-party/comments/changyan.swig\u001b[39m","time":"2017-07-19T07:39:00.009Z","v":0}
{"name":"hexo","hostname":"PC-201702271837","pid":3660,"level":20,"msg":"Processed: \u001b[35mlayout/_third-party/comments/disqus.swig\u001b[39m","time":"2017-07-19T07:39:00.011Z","v":0}
{"name":"hexo","hostname":"PC-201702271837","pid":3660,"level":20,"msg":"Processed: \u001b[35mlayout/_third-party/comments/hypercomments.swig\u001b[39m","time":"2017-07-19T07:39:00.012Z","v":0}
{"name":"hexo","hostname":"PC-201702271837","pid":3660,"level":20,"msg":"Processed: \u001b[35mlayout/_third-party/comments/duoshuo.swig\u001b[39m","time":"2017-07-19T07:39:00.013Z","v":0}
{"name":"hexo","hostname":"PC-201702271837","pid":3660,"level":20,"msg":"Processed: \u001b[35mlayout/_third-party/comments/index.swig\u001b[39m","time":"2017-07-19T07:39:00.014Z","v":0}
{"name":"hexo","hostname":"PC-201702271837","pid":3660,"level":20,"msg":"Processed: \u001b[35mlayout/_third-party/comments/youyan.swig\u001b[39m","time":"2017-07-19T07:39:00.015Z","v":0}
{"name":"hexo","hostname":"PC-201702271837","pid":3660,"level":20,"msg":"Processed: \u001b[35mlayout/_third-party/comments/livere.swig\u001b[39m","time":"2017-07-19T07:39:00.016Z","v":0}
{"name":"hexo","hostname":"PC-201702271837","pid":3660,"level":20,"msg":"Processed: \u001b[35mlayout/_third-party/search/index.swig\u001b[39m","time":"2017-07-19T07:39:00.017Z","v":0}
{"name":"hexo","hostname":"PC-201702271837","pid":3660,"level":20,"msg":"Processed: \u001b[35mlayout/_third-party/search/localsearch.swig\u001b[39m","time":"2017-07-19T07:39:00.021Z","v":0}
{"name":"hexo","hostname":"PC-201702271837","pid":3660,"level":20,"msg":"Processed: \u001b[35mlayout/_third-party/search/tinysou.swig\u001b[39m","time":"2017-07-19T07:39:00.022Z","v":0}
{"name":"hexo","hostname":"PC-201702271837","pid":3660,"level":20,"msg":"Processed: \u001b[35mlayout/_third-party/seo/baidu-push.swig\u001b[39m","time":"2017-07-19T07:39:00.023Z","v":0}
{"name":"hexo","hostname":"PC-201702271837","pid":3660,"level":20,"msg":"Processed: \u001b[35msource/lib/Han/dist/han.css\u001b[39m","time":"2017-07-19T07:39:00.026Z","v":0}
{"name":"hexo","hostname":"PC-201702271837","pid":3660,"level":20,"msg":"Processed: \u001b[35msource/lib/Han/dist/han.js\u001b[39m","time":"2017-07-19T07:39:00.027Z","v":0}
{"name":"hexo","hostname":"PC-201702271837","pid":3660,"level":20,"msg":"Processed: \u001b[35msource/lib/font-awesome/fonts/fontawesome-webfont.woff\u001b[39m","time":"2017-07-19T07:39:00.028Z","v":0}
{"name":"hexo","hostname":"PC-201702271837","pid":3660,"level":20,"msg":"Processed: \u001b[35msource/lib/font-awesome/fonts/fontawesome-webfont.woff2\u001b[39m","time":"2017-07-19T07:39:00.031Z","v":0}
{"name":"hexo","hostname":"PC-201702271837","pid":3660,"level":20,"msg":"Processed: \u001b[35msource/lib/velocity/velocity.js\u001b[39m","time":"2017-07-19T07:39:00.032Z","v":0}
{"name":"hexo","hostname":"PC-201702271837","pid":3660,"level":20,"msg":"Processed: \u001b[35msource/lib/Han/dist/font/han-space.otf\u001b[39m","time":"2017-07-19T07:39:00.042Z","v":0}
{"name":"hexo","hostname":"PC-201702271837","pid":3660,"level":20,"msg":"Processed: \u001b[35msource/lib/Han/dist/font/han-space.woff\u001b[39m","time":"2017-07-19T07:39:00.043Z","v":0}
{"name":"hexo","hostname":"PC-201702271837","pid":3660,"level":20,"msg":"Processed: \u001b[35msource/lib/Han/dist/font/han.otf\u001b[39m","time":"2017-07-19T07:39:00.044Z","v":0}
{"name":"hexo","hostname":"PC-201702271837","pid":3660,"level":20,"msg":"Processed: \u001b[35msource/lib/Han/dist/font/han.woff\u001b[39m","time":"2017-07-19T07:39:00.045Z","v":0}
{"name":"hexo","hostname":"PC-201702271837","pid":3660,"level":20,"msg":"Processed: \u001b[35msource/lib/fancybox/source/helpers/fancybox_buttons.png\u001b[39m","time":"2017-07-19T07:39:00.047Z","v":0}
{"name":"hexo","hostname":"PC-201702271837","pid":3660,"level":20,"msg":"Processed: \u001b[35msource/lib/fancybox/source/helpers/jquery.fancybox-buttons.js\u001b[39m","time":"2017-07-19T07:39:00.048Z","v":0}
{"name":"hexo","hostname":"PC-201702271837","pid":3660,"level":20,"msg":"Processed: \u001b[35msource/lib/fancybox/source/helpers/jquery.fancybox-buttons.css\u001b[39m","time":"2017-07-19T07:39:00.049Z","v":0}
{"name":"hexo","hostname":"PC-201702271837","pid":3660,"level":20,"msg":"Processed: \u001b[35msource/lib/fancybox/source/helpers/jquery.fancybox-media.js\u001b[39m","time":"2017-07-19T07:39:00.050Z","v":0}
{"name":"hexo","hostname":"PC-201702271837","pid":3660,"level":20,"msg":"Processed: \u001b[35msource/lib/fancybox/source/helpers/jquery.fancybox-thumbs.css\u001b[39m","time":"2017-07-19T07:39:00.053Z","v":0}
{"name":"hexo","hostname":"PC-201702271837","pid":3660,"level":20,"msg":"Processed: \u001b[35msource/lib/fancybox/source/helpers/jquery.fancybox-thumbs.js\u001b[39m","time":"2017-07-19T07:39:00.054Z","v":0}
{"name":"hexo","hostname":"PC-201702271837","pid":3660,"level":20,"msg":"Processed: \u001b[35msource/lib/font-awesome/fonts/FontAwesome.otf\u001b[39m","time":"2017-07-19T07:39:00.056Z","v":0}
{"name":"hexo","hostname":"PC-201702271837","pid":3660,"level":20,"msg":"Processed: \u001b[35msource/lib/font-awesome/fonts/fontawesome-webfont.eot\u001b[39m","time":"2017-07-19T07:39:00.057Z","v":0}
{"name":"hexo","hostname":"PC-201702271837","pid":3660,"level":20,"msg":"Processed: \u001b[35msource/lib/font-awesome/fonts/fontawesome-webfont.ttf\u001b[39m","time":"2017-07-19T07:39:00.058Z","v":0}
{"name":"hexo","hostname":"PC-201702271837","pid":3660,"level":20,"msg":"Processed: \u001b[35mlayout/_third-party/search/algolia-search/dom.swig\u001b[39m","time":"2017-07-19T07:39:00.067Z","v":0}
{"name":"hexo","hostname":"PC-201702271837","pid":3660,"level":20,"msg":"Processed: \u001b[35mlayout/_third-party/search/algolia-search/assets.swig\u001b[39m","time":"2017-07-19T07:39:00.068Z","v":0}
{"name":"hexo","hostname":"PC-201702271837","pid":3660,"level":20,"msg":"Processed: \u001b[35msource/lib/algolia-instant-search/instantsearch.min.js\u001b[39m","time":"2017-07-19T07:39:00.084Z","v":0}
{"name":"hexo","hostname":"PC-201702271837","pid":3660,"level":20,"msg":"Processed: \u001b[35msource/lib/three/three.min.js\u001b[39m","time":"2017-07-19T07:39:00.090Z","v":0}
{"name":"hexo","hostname":"PC-201702271837","pid":3660,"level":20,"msg":"Processed: \u001b[35msource/lib/font-awesome/fonts/fontawesome-webfont.svg\u001b[39m","time":"2017-07-19T07:39:00.092Z","v":0}
{"name":"hexo","hostname":"PC-201702271837","pid":3660,"level":20,"msg":"Generator: \u001b[35mpage\u001b[39m","time":"2017-07-19T07:39:00.337Z","v":0}
{"name":"hexo","hostname":"PC-201702271837","pid":3660,"level":20,"msg":"Generator: \u001b[35mpost\u001b[39m","time":"2017-07-19T07:39:00.339Z","v":0}
{"name":"hexo","hostname":"PC-201702271837","pid":3660,"level":20,"msg":"Generator: \u001b[35marchive\u001b[39m","time":"2017-07-19T07:39:00.340Z","v":0}
{"name":"hexo","hostname":"PC-201702271837","pid":3660,"level":20,"msg":"Generator: \u001b[35mcategory\u001b[39m","time":"2017-07-19T07:39:00.341Z","v":0}
{"name":"hexo","hostname":"PC-201702271837","pid":3660,"level":20,"msg":"Generator: \u001b[35mindex\u001b[39m","time":"2017-07-19T07:39:00.342Z","v":0}
{"name":"hexo","hostname":"PC-201702271837","pid":3660,"level":20,"msg":"Generator: \u001b[35mtag\u001b[39m","time":"2017-07-19T07:39:00.343Z","v":0}
{"name":"hexo","hostname":"PC-201702271837","pid":3660,"level":20,"msg":"Generator: \u001b[35mxml\u001b[39m","time":"2017-07-19T07:39:00.344Z","v":0}
{"name":"hexo","hostname":"PC-201702271837","pid":3660,"level":20,"msg":"Generator: \u001b[35masset\u001b[39m","time":"2017-07-19T07:39:00.347Z","v":0}
{"name":"hexo","hostname":"PC-201702271837","pid":3660,"level":30,"msg":"Hexo is running at \u001b[4mhttp://localhost:4000/\u001b[24m. Press Ctrl+C to stop.","time":"2017-07-19T07:39:00.360Z","v":0}
{"name":"hexo","hostname":"PC-201702271837","pid":3660,"level":20,"msg":"Database saved","time":"2017-07-19T07:39:00.376Z","v":0}
{"name":"hexo","hostname":"PC-201702271837","pid":3660,"level":20,"msg":"Rendering index: \u001b[35mindex.html\u001b[39m","time":"2017-07-19T07:39:04.277Z","v":0}
{"name":"hexo","hostname":"PC-201702271837","pid":3660,"level":20,"msg":"Rendering index: \u001b[35mindex.html\u001b[39m","time":"2017-07-19T07:39:13.984Z","v":0}
{"name":"hexo","hostname":"PC-201702271837","pid":3660,"level":20,"msg":"Rendering archive: \u001b[35marchives/index.html\u001b[39m","time":"2017-07-19T07:39:16.180Z","v":0}
{"name":"hexo","hostname":"PC-201702271837","pid":3660,"level":20,"msg":"Rendering page: \u001b[35mtags/index.html\u001b[39m","time":"2017-07-19T07:39:20.710Z","v":0}
{"name":"hexo","hostname":"PC-201702271837","pid":3660,"level":20,"msg":"Rendering page: \u001b[35mtags/index.html\u001b[39m","time":"2017-07-19T07:39:31.477Z","v":0}
{"name":"hexo","hostname":"PC-201702271837","pid":3660,"level":20,"msg":"Theme config loaded.","time":"2017-07-19T07:42:03.424Z","v":0}
{"name":"hexo","hostname":"PC-201702271837","pid":3660,"level":20,"msg":"Processed: \u001b[35m_config.yml\u001b[39m","time":"2017-07-19T07:42:03.432Z","v":0}
{"name":"hexo","hostname":"PC-201702271837","pid":3660,"level":20,"msg":"Generator: \u001b[35mpage\u001b[39m","time":"2017-07-19T07:42:03.566Z","v":0}
{"name":"hexo","hostname":"PC-201702271837","pid":3660,"level":20,"msg":"Generator: \u001b[35mpost\u001b[39m","time":"2017-07-19T07:42:03.568Z","v":0}
{"name":"hexo","hostname":"PC-201702271837","pid":3660,"level":20,"msg":"Generator: \u001b[35marchive\u001b[39m","time":"2017-07-19T07:42:03.570Z","v":0}
{"name":"hexo","hostname":"PC-201702271837","pid":3660,"level":20,"msg":"Generator: \u001b[35mcategory\u001b[39m","time":"2017-07-19T07:42:03.571Z","v":0}
{"name":"hexo","hostname":"PC-201702271837","pid":3660,"level":20,"msg":"Generator: \u001b[35mindex\u001b[39m","time":"2017-07-19T07:42:03.580Z","v":0}
{"name":"hexo","hostname":"PC-201702271837","pid":3660,"level":20,"msg":"Generator: \u001b[35mtag\u001b[39m","time":"2017-07-19T07:42:03.589Z","v":0}
{"name":"hexo","hostname":"PC-201702271837","pid":3660,"level":20,"msg":"Generator: \u001b[35mxml\u001b[39m","time":"2017-07-19T07:42:03.590Z","v":0}
{"name":"hexo","hostname":"PC-201702271837","pid":3660,"level":20,"msg":"Generator: \u001b[35masset\u001b[39m","time":"2017-07-19T07:42:03.593Z","v":0}
{"name":"hexo","hostname":"PC-201702271837","pid":3660,"level":20,"msg":"Theme config loaded.","time":"2017-07-19T07:42:04.587Z","v":0}
{"name":"hexo","hostname":"PC-201702271837","pid":3660,"level":20,"msg":"Processed: \u001b[35m_config.yml\u001b[39m","time":"2017-07-19T07:42:04.590Z","v":0}
{"name":"hexo","hostname":"PC-201702271837","pid":3660,"level":20,"msg":"Generator: \u001b[35mpage\u001b[39m","time":"2017-07-19T07:42:04.719Z","v":0}
{"name":"hexo","hostname":"PC-201702271837","pid":3660,"level":20,"msg":"Generator: \u001b[35mpost\u001b[39m","time":"2017-07-19T07:42:04.724Z","v":0}
{"name":"hexo","hostname":"PC-201702271837","pid":3660,"level":20,"msg":"Generator: \u001b[35marchive\u001b[39m","time":"2017-07-19T07:42:04.725Z","v":0}
{"name":"hexo","hostname":"PC-201702271837","pid":3660,"level":20,"msg":"Generator: \u001b[35mcategory\u001b[39m","time":"2017-07-19T07:42:04.726Z","v":0}
{"name":"hexo","hostname":"PC-201702271837","pid":3660,"level":20,"msg":"Generator: \u001b[35mindex\u001b[39m","time":"2017-07-19T07:42:04.726Z","v":0}
{"name":"hexo","hostname":"PC-201702271837","pid":3660,"level":20,"msg":"Generator: \u001b[35mtag\u001b[39m","time":"2017-07-19T07:42:04.727Z","v":0}
{"name":"hexo","hostname":"PC-201702271837","pid":3660,"level":20,"msg":"Generator: \u001b[35mxml\u001b[39m","time":"2017-07-19T07:42:04.728Z","v":0}
{"name":"hexo","hostname":"PC-201702271837","pid":3660,"level":20,"msg":"Generator: \u001b[35masset\u001b[39m","time":"2017-07-19T07:42:04.730Z","v":0}
{"name":"hexo","hostname":"PC-201702271837","pid":3660,"level":20,"msg":"Theme config loaded.","time":"2017-07-19T07:42:04.825Z","v":0}
{"name":"hexo","hostname":"PC-201702271837","pid":3660,"level":20,"msg":"Processed: \u001b[35m_config.yml\u001b[39m","time":"2017-07-19T07:42:04.830Z","v":0}
{"name":"hexo","hostname":"PC-201702271837","pid":3660,"level":20,"msg":"Generator: \u001b[35mpage\u001b[39m","time":"2017-07-19T07:42:04.963Z","v":0}
{"name":"hexo","hostname":"PC-201702271837","pid":3660,"level":20,"msg":"Generator: \u001b[35mpost\u001b[39m","time":"2017-07-19T07:42:04.969Z","v":0}
{"name":"hexo","hostname":"PC-201702271837","pid":3660,"level":20,"msg":"Generator: \u001b[35marchive\u001b[39m","time":"2017-07-19T07:42:04.970Z","v":0}
{"name":"hexo","hostname":"PC-201702271837","pid":3660,"level":20,"msg":"Generator: \u001b[35mcategory\u001b[39m","time":"2017-07-19T07:42:04.971Z","v":0}
{"name":"hexo","hostname":"PC-201702271837","pid":3660,"level":20,"msg":"Generator: \u001b[35mindex\u001b[39m","time":"2017-07-19T07:42:04.972Z","v":0}
{"name":"hexo","hostname":"PC-201702271837","pid":3660,"level":20,"msg":"Generator: \u001b[35mtag\u001b[39m","time":"2017-07-19T07:42:04.973Z","v":0}
{"name":"hexo","hostname":"PC-201702271837","pid":3660,"level":20,"msg":"Generator: \u001b[35mxml\u001b[39m","time":"2017-07-19T07:42:04.974Z","v":0}
{"name":"hexo","hostname":"PC-201702271837","pid":3660,"level":20,"msg":"Generator: \u001b[35masset\u001b[39m","time":"2017-07-19T07:42:04.976Z","v":0}
{"name":"hexo","hostname":"PC-201702271837","pid":3660,"level":20,"msg":"Theme config loaded.","time":"2017-07-19T07:42:05.006Z","v":0}
{"name":"hexo","hostname":"PC-201702271837","pid":3660,"level":20,"msg":"Processed: \u001b[35m_config.yml\u001b[39m","time":"2017-07-19T07:42:05.008Z","v":0}
{"name":"hexo","hostname":"PC-201702271837","pid":3660,"level":20,"msg":"Generator: \u001b[35mpage\u001b[39m","time":"2017-07-19T07:42:05.139Z","v":0}
{"name":"hexo","hostname":"PC-201702271837","pid":3660,"level":20,"msg":"Generator: \u001b[35mpost\u001b[39m","time":"2017-07-19T07:42:05.145Z","v":0}
{"name":"hexo","hostname":"PC-201702271837","pid":3660,"level":20,"msg":"Generator: \u001b[35marchive\u001b[39m","time":"2017-07-19T07:42:05.147Z","v":0}
{"name":"hexo","hostname":"PC-201702271837","pid":3660,"level":20,"msg":"Generator: \u001b[35mcategory\u001b[39m","time":"2017-07-19T07:42:05.147Z","v":0}
{"name":"hexo","hostname":"PC-201702271837","pid":3660,"level":20,"msg":"Generator: \u001b[35mindex\u001b[39m","time":"2017-07-19T07:42:05.148Z","v":0}
{"name":"hexo","hostname":"PC-201702271837","pid":3660,"level":20,"msg":"Generator: \u001b[35mtag\u001b[39m","time":"2017-07-19T07:42:05.150Z","v":0}
{"name":"hexo","hostname":"PC-201702271837","pid":3660,"level":20,"msg":"Generator: \u001b[35mxml\u001b[39m","time":"2017-07-19T07:42:05.151Z","v":0}
{"name":"hexo","hostname":"PC-201702271837","pid":3660,"level":20,"msg":"Generator: \u001b[35masset\u001b[39m","time":"2017-07-19T07:42:05.153Z","v":0}
{"name":"hexo","hostname":"PC-201702271837","pid":3660,"level":20,"msg":"Rendering page: \u001b[35mtags/index.html\u001b[39m","time":"2017-07-19T07:42:19.986Z","v":0}
{"name":"hexo","hostname":"PC-201702271837","pid":3660,"level":20,"msg":"Rendering index: \u001b[35mindex.html\u001b[39m","time":"2017-07-19T07:42:22.857Z","v":0}
{"name":"hexo","hostname":"PC-201702271837","pid":3660,"level":20,"msg":"Rendering archive: \u001b[35marchives/index.html\u001b[39m","time":"2017-07-19T07:42:33.052Z","v":0}
{"name":"hexo","hostname":"PC-201702271837","pid":3660,"level":20,"msg":"Rendering page: \u001b[35mtags/index.html\u001b[39m","time":"2017-07-19T07:42:35.617Z","v":0}
{"name":"hexo","hostname":"PC-201702271837","pid":3660,"level":20,"msg":"Theme config loaded.","time":"2017-07-19T07:43:25.161Z","v":0}
{"name":"hexo","hostname":"PC-201702271837","pid":3660,"level":20,"msg":"Processed: \u001b[35m_config.yml\u001b[39m","time":"2017-07-19T07:43:25.166Z","v":0}
{"name":"hexo","hostname":"PC-201702271837","pid":3660,"level":20,"msg":"Generator: \u001b[35mpage\u001b[39m","time":"2017-07-19T07:43:25.318Z","v":0}
{"name":"hexo","hostname":"PC-201702271837","pid":3660,"level":20,"msg":"Generator: \u001b[35mpost\u001b[39m","time":"2017-07-19T07:43:25.321Z","v":0}
{"name":"hexo","hostname":"PC-201702271837","pid":3660,"level":20,"msg":"Generator: \u001b[35marchive\u001b[39m","time":"2017-07-19T07:43:25.321Z","v":0}
{"name":"hexo","hostname":"PC-201702271837","pid":3660,"level":20,"msg":"Generator: \u001b[35mcategory\u001b[39m","time":"2017-07-19T07:43:25.324Z","v":0}
{"name":"hexo","hostname":"PC-201702271837","pid":3660,"level":20,"msg":"Generator: \u001b[35mindex\u001b[39m","time":"2017-07-19T07:43:25.325Z","v":0}
{"name":"hexo","hostname":"PC-201702271837","pid":3660,"level":20,"msg":"Generator: \u001b[35mtag\u001b[39m","time":"2017-07-19T07:43:25.326Z","v":0}
{"name":"hexo","hostname":"PC-201702271837","pid":3660,"level":20,"msg":"Generator: \u001b[35mxml\u001b[39m","time":"2017-07-19T07:43:25.326Z","v":0}
{"name":"hexo","hostname":"PC-201702271837","pid":3660,"level":20,"msg":"Generator: \u001b[35masset\u001b[39m","time":"2017-07-19T07:43:25.332Z","v":0}
{"name":"hexo","hostname":"PC-201702271837","pid":3660,"level":20,"msg":"Rendering page: \u001b[35mtags/index.html\u001b[39m","time":"2017-07-19T07:43:27.256Z","v":0}
{"name":"hexo","hostname":"PC-201702271837","pid":3660,"level":20,"msg":"Theme config loaded.","time":"2017-07-19T07:44:44.191Z","v":0}
{"name":"hexo","hostname":"PC-201702271837","pid":3660,"level":20,"msg":"Processed: \u001b[35m_config.yml\u001b[39m","time":"2017-07-19T07:44:44.198Z","v":0}
{"name":"hexo","hostname":"PC-201702271837","pid":3660,"level":20,"msg":"Generator: \u001b[35mpage\u001b[39m","time":"2017-07-19T07:44:44.320Z","v":0}
{"name":"hexo","hostname":"PC-201702271837","pid":3660,"level":20,"msg":"Generator: \u001b[35mpost\u001b[39m","time":"2017-07-19T07:44:44.324Z","v":0}
{"name":"hexo","hostname":"PC-201702271837","pid":3660,"level":20,"msg":"Generator: \u001b[35marchive\u001b[39m","time":"2017-07-19T07:44:44.325Z","v":0}
{"name":"hexo","hostname":"PC-201702271837","pid":3660,"level":20,"msg":"Generator: \u001b[35mcategory\u001b[39m","time":"2017-07-19T07:44:44.325Z","v":0}
{"name":"hexo","hostname":"PC-201702271837","pid":3660,"level":20,"msg":"Generator: \u001b[35mindex\u001b[39m","time":"2017-07-19T07:44:44.326Z","v":0}
{"name":"hexo","hostname":"PC-201702271837","pid":3660,"level":20,"msg":"Generator: \u001b[35mtag\u001b[39m","time":"2017-07-19T07:44:44.326Z","v":0}
{"name":"hexo","hostname":"PC-201702271837","pid":3660,"level":20,"msg":"Generator: \u001b[35mxml\u001b[39m","time":"2017-07-19T07:44:44.327Z","v":0}
{"name":"hexo","hostname":"PC-201702271837","pid":3660,"level":20,"msg":"Generator: \u001b[35masset\u001b[39m","time":"2017-07-19T07:44:44.332Z","v":0}
{"name":"hexo","hostname":"PC-201702271837","pid":3660,"level":20,"msg":"Rendering page: \u001b[35mtags/index.html\u001b[39m","time":"2017-07-19T07:44:49.446Z","v":0}
{"name":"hexo","hostname":"PC-201702271837","pid":3660,"level":30,"msg":"Farewell","time":"2017-07-19T07:45:04.937Z","v":0}
{"name":"hexo","hostname":"PC-201702271837","pid":3660,"level":20,"msg":"Database saved","time":"2017-07-19T07:45:04.960Z","v":0}
